<?xml version="1.0" encoding="UTF-8"?>
<!-- Generated by org.testng.reporters.JUnitReportReporter -->
<testsuite hostname="DESKTOP-5VGD0PP" failures="0" tests="6" name="Testcase.MakeMytripSearch" time="28.044" errors="0" timestamp="2024-05-26T14:18:39 IST" skipped="0">
  <testcase classname="Testcase.MakeMytripSearch" name="SearchFlightWithValidCountry" time="8.663"/>
  <testcase classname="Testcase.MakeMytripSearch" name="SearchFlightWithValidCountry" time="7.137"/>
  <testcase classname="Testcase.MakeMytripSearch" name="SearchFlightWithValidCountry" time="7.735"/>
  <testcase classname="Testcase.MakeMytripSearch" name="SameCityErroValidation" time="2.254"/>
  <testcase classname="Testcase.MakeMytripSearch" name="SameCityErroValidation" time="1.235"/>
  <testcase classname="Testcase.MakeMytripSearch" name="SameCityErroValidation" time="1.020"/>
</testsuite> <!-- Testcase.MakeMytripSearch -->
