<?xml version="1.0" encoding="UTF-8"?>
<!-- Generated by org.testng.reporters.JUnitReportReporter -->
<testsuite hostname="DESKTOP-5VGD0PP" failures="0" tests="6" name="Testcase.MakeMytripSearch" time="25.460" errors="0" timestamp="2024-05-26T14:03:07 IST" skipped="0">
  <testcase classname="Testcase.MakeMytripSearch" name="SearchFlightWithValidCountry" time="4.963"/>
  <testcase classname="Testcase.MakeMytripSearch" name="SearchFlightWithValidCountry" time="8.207"/>
  <testcase classname="Testcase.MakeMytripSearch" name="SearchFlightWithValidCountry" time="8.848"/>
  <testcase classname="Testcase.MakeMytripSearch" name="SameCityErroValidation" time="1.795"/>
  <testcase classname="Testcase.MakeMytripSearch" name="SameCityErroValidation" time="0.892"/>
  <testcase classname="Testcase.MakeMytripSearch" name="SameCityErroValidation" time="0.755"/>
</testsuite> <!-- Testcase.MakeMytripSearch -->
