<?xml version="1.0" encoding="UTF-8"?>
<!-- Generated by org.testng.reporters.JUnitReportReporter -->
<testsuite hostname="DESKTOP-5VGD0PP" failures="0" tests="2" name="Testcase.MakeMytriproundTrip" time="6.217" errors="0" timestamp="2024-05-26T14:03:07 IST" skipped="0">
  <testcase classname="Testcase.MakeMytriproundTrip" name="SearchFlightWithValidCountry" time="3.612"/>
  <testcase classname="Testcase.MakeMytriproundTrip" name="SameCityErroValidation" time="2.605"/>
</testsuite> <!-- Testcase.MakeMytriproundTrip -->
